#!/usr/bin/env python
# encoding: utf-8

def build(bld):
    bld.ap_example(
        use='ap',
        cxxflags=[
            '-Wno-error=frame-larger-than=',
            '-Wframe-larger-than=',
        ],
    )

[760/765] Compiling libraries/Research/examples/SimulinkController/Messages.cpp
arm-none-eabi-g++: error: missing argument to '-Wframe-larger-than='

arm-none-eabi-g++: error: missing argument to '-Wframe-larger-than='

arm-none-eabi-g++: error: missing argument to '-Wframe-larger-than='

arm-none-eabi-g++: error: missing argument to '-Wframe-larger-than='

arm-none-eabi-g++: error: missing argument to '-Wframe-larger-than='
